<html>
<head>
<title>TestNG:  firefoxSuite</title>
<link href="../testng.css" rel="stylesheet" type="text/css" />
<link href="../my-testng.css" rel="stylesheet" type="text/css" />

<style type="text/css">
.log { display: none;} 
.stack-trace { display: none;} 
</style>
<script type="text/javascript">
<!--
function flip(e) {
  current = e.style.display;
  if (current == 'block') {
    e.style.display = 'none';
    return 0;
  }
  else {
    e.style.display = 'block';
    return 1;
  }
}

function toggleBox(szDivId, elem, msg1, msg2)
{
  var res = -1;  if (document.getElementById) {
    res = flip(document.getElementById(szDivId));
  }
  else if (document.all) {
    // this is the way old msie versions work
    res = flip(document.all[szDivId]);
  }
  if(elem) {
    if(res == 0) elem.innerHTML = msg1; else elem.innerHTML = msg2;
  }

}

function toggleAllBoxes() {
  if (document.getElementsByTagName) {
    d = document.getElementsByTagName('div');
    for (i = 0; i < d.length; i++) {
      if (d[i].className == 'log') {
        flip(d[i]);
      }
    }
  }
}

// -->
</script>

</head>
<body>
<h2 align='center'>firefoxSuite</h2><table border='1' align="center">
<tr>
<td>Tests passed/Failed/Skipped:</td><td>28/0/0</td>
</tr><tr>
<td>Started on:</td><td>Fri Sep 26 17:20:03 IST 2025</td>
</tr>
<tr><td>Total time:</td><td>142 seconds (142013 ms)</td>
</tr><tr>
<td>Included groups:</td><td></td>
</tr><tr>
<td>Excluded groups:</td><td></td>
</tr>
</table><p/>
<small><i>(Hover the method name to see the test class name)</i></small><p/>
<table width='100%' border='1' class='invocation-failed'>
<tr><td colspan='4' align='center'><b>FAILED CONFIGURATIONS</b></td></tr>
<tr><td><b>Test method</b></td>
<td><b>Attribute(s)</b></td>
<td width="30%"><b>Exception</b></td>
<td width="10%"><b>Time (seconds)</b></td>
<td><b>Instance</b></td>
</tr>
<tr>
<td title='module01.ClassOneTest.afterMethod()'><b>afterMethod</b><br>Test class: module01.ClassOneTest</td>
<td><div><pre>org.openqa.selenium.NoSuchElementException: Unable to locate element: Sign Out
For documentation on this error, please visit: https://www.selenium.dev/documentation/webdriver/troubleshooting/errors#no-such-element-exception
Build info: version: &apos;4.35.0&apos;, revision: &apos;1c58e5028b&apos;
System info: os.name: &apos;Windows 11&apos;, os.arch: &apos;amd64&apos;, os.version: &apos;10.0&apos;, java.version: &apos;21.0.6&apos;
Driver info: org.openqa.selenium.firefox.FirefoxDriver
Command: [62215a84-0308-40c7-9489-de88e49fd221, findElement {using=link text, value=Sign Out}]
Capabilities {acceptInsecureCerts: true, browserName: firefox, browserVersion: 143.0.1, moz:accessibilityChecks: false, moz:buildID: 20250918214338, moz:geckodriverVersion: 0.36.0, moz:headless: false, moz:platformVersion: 10.0, moz:processID: 16288, moz:profile: C:\Users\KAIFKH~1\AppData\L..., moz:shutdownTimeout: 60000, moz:webdriverClick: true, moz:windowless: false, pageLoadStrategy: normal, platformName: windows, proxy: Proxy(), setWindowRect: true, strictFileInteractability: false, timeouts: {implicit: 0, pageLoad: 300000, script: 30000}, unhandledPromptBehavior: dismiss and notify, userAgent: Mozilla/5.0 (Windows NT 10....}
Session ID: 62215a84-0308-40c7-9489-de88e49fd221
	at org.openqa.selenium.remote.ErrorCodec.decode(ErrorCodec.java:167)
	at org.openqa.selenium.remote.codec.w3c.W3CHttpResponseCodec.decode(W3CHttpResponseCodec.java:138)
	at org.openqa.selenium.remote.codec.w3c.W3CHttpResponseCodec.decode(W3CHttpResponseCodec.java:50)
	at org.openqa.selenium.remote.HttpCommandExecutor.execute(HttpCommandExecutor.java:215)
	at org.openqa.selenium.remote.service.DriverCommandExecutor.invokeExecute(DriverCommandExecutor.java:216)
	at org.openqa.selenium.remote.service.DriverCommandExecutor.execute(DriverCommandExecutor.java:174)
	at org.openqa.selenium.remote.RemoteWebDriver.execute(RemoteWebDriver.java:557)
	at org.openqa.selenium.remote.ElementLocation$ElementFinder$2.findElement(ElementLocation.java:165)
	at org.openqa.selenium.remote.ElementLocation.findElement(ElementLocation.java:59)
	at org.openqa.selenium.remote.RemoteWebDriver.findElement(RemoteWebDriver.java:380)
	at org.openqa.selenium.remote.RemoteWebDriver.findElement(RemoteWebDriver.java:374)
	at org.openqa.selenium.support.pagefactory.DefaultElementLocator.findElement(DefaultElementLocator.java:68)
	at org.openqa.selenium.support.pagefactory.internal.LocatingElementHandler.invoke(LocatingElementHandler.java:38)
	at jdk.proxy2/jdk.proxy2.$Proxy18.click(Unknown Source)
	at com.ProjectName.busuness.repository.HomePage.logoutFromApp(HomePage.java:46)
	at com.ProjectName.generic.BaseClassUtil.BaseClass.afterMethod(BaseClass.java:113)
	at java.base/java.util.concurrent.Executors$RunnableAdapter.call(Executors.java:572)
	at java.base/java.util.concurrent.FutureTask.run(FutureTask.java:317)
	at java.base/java.util.concurrent.ThreadPoolExecutor.runWorker(ThreadPoolExecutor.java:1144)
	at java.base/java.util.concurrent.ThreadPoolExecutor$Worker.run(ThreadPoolExecutor.java:642)
	at java.base/java.lang.Thread.run(Thread.java:1583)
... Removed 19 stack frames</pre></div><a href='#' onClick='toggleBox("stack-trace833699458", this, "Click to show all stack frames", "Click to hide stack frames")'>Click to show all stack frames</a>
<div class='stack-trace' id='stack-trace833699458'><pre>org.openqa.selenium.NoSuchElementException: Unable to locate element: Sign Out
For documentation on this error, please visit: https://www.selenium.dev/documentation/webdriver/troubleshooting/errors#no-such-element-exception
Build info: version: &apos;4.35.0&apos;, revision: &apos;1c58e5028b&apos;
System info: os.name: &apos;Windows 11&apos;, os.arch: &apos;amd64&apos;, os.version: &apos;10.0&apos;, java.version: &apos;21.0.6&apos;
Driver info: org.openqa.selenium.firefox.FirefoxDriver
Command: [62215a84-0308-40c7-9489-de88e49fd221, findElement {using=link text, value=Sign Out}]
Capabilities {acceptInsecureCerts: true, browserName: firefox, browserVersion: 143.0.1, moz:accessibilityChecks: false, moz:buildID: 20250918214338, moz:geckodriverVersion: 0.36.0, moz:headless: false, moz:platformVersion: 10.0, moz:processID: 16288, moz:profile: C:\Users\KAIFKH~1\AppData\L..., moz:shutdownTimeout: 60000, moz:webdriverClick: true, moz:windowless: false, pageLoadStrategy: normal, platformName: windows, proxy: Proxy(), setWindowRect: true, strictFileInteractability: false, timeouts: {implicit: 0, pageLoad: 300000, script: 30000}, unhandledPromptBehavior: dismiss and notify, userAgent: Mozilla/5.0 (Windows NT 10....}
Session ID: 62215a84-0308-40c7-9489-de88e49fd221
	at java.base/jdk.internal.reflect.DirectConstructorHandleAccessor.newInstance(DirectConstructorHandleAccessor.java:62)
	at java.base/java.lang.reflect.Constructor.newInstanceWithCaller(Constructor.java:502)
	at java.base/java.lang.reflect.Constructor.newInstance(Constructor.java:486)
	at org.openqa.selenium.remote.ErrorCodec.decode(ErrorCodec.java:167)
	at org.openqa.selenium.remote.codec.w3c.W3CHttpResponseCodec.decode(W3CHttpResponseCodec.java:138)
	at org.openqa.selenium.remote.codec.w3c.W3CHttpResponseCodec.decode(W3CHttpResponseCodec.java:50)
	at org.openqa.selenium.remote.HttpCommandExecutor.execute(HttpCommandExecutor.java:215)
	at org.openqa.selenium.remote.service.DriverCommandExecutor.invokeExecute(DriverCommandExecutor.java:216)
	at org.openqa.selenium.remote.service.DriverCommandExecutor.execute(DriverCommandExecutor.java:174)
	at org.openqa.selenium.remote.RemoteWebDriver.execute(RemoteWebDriver.java:557)
	at org.openqa.selenium.remote.ElementLocation$ElementFinder$2.findElement(ElementLocation.java:165)
	at org.openqa.selenium.remote.ElementLocation.findElement(ElementLocation.java:59)
	at org.openqa.selenium.remote.RemoteWebDriver.findElement(RemoteWebDriver.java:380)
	at org.openqa.selenium.remote.RemoteWebDriver.findElement(RemoteWebDriver.java:374)
	at org.openqa.selenium.support.pagefactory.DefaultElementLocator.findElement(DefaultElementLocator.java:68)
	at org.openqa.selenium.support.pagefactory.internal.LocatingElementHandler.invoke(LocatingElementHandler.java:38)
	at jdk.proxy2/jdk.proxy2.$Proxy18.click(Unknown Source)
	at com.ProjectName.busuness.repository.HomePage.logoutFromApp(HomePage.java:46)
	at com.ProjectName.generic.BaseClassUtil.BaseClass.afterMethod(BaseClass.java:113)
	at java.base/jdk.internal.reflect.DirectMethodHandleAccessor.invoke(DirectMethodHandleAccessor.java:103)
	at java.base/java.lang.reflect.Method.invoke(Method.java:580)
	at org.testng.internal.invokers.MethodInvocationHelper.invokeMethod(MethodInvocationHelper.java:141)
	at org.testng.internal.invokers.MethodInvocationHelper.invokeMethodConsideringTimeout(MethodInvocationHelper.java:71)
	at org.testng.internal.invokers.ConfigInvoker.invokeConfigurationMethod(ConfigInvoker.java:400)
	at org.testng.internal.invokers.ConfigInvoker.invokeConfigurations(ConfigInvoker.java:333)
	at org.testng.internal.invokers.TestInvoker.runConfigMethods(TestInvoker.java:836)
	at org.testng.internal.invokers.TestInvoker.runAfterConfigurations(TestInvoker.java:805)
	at org.testng.internal.invokers.TestInvoker.invokeMethod(TestInvoker.java:781)
	at org.testng.internal.invokers.TestInvoker.invokeTestMethod(TestInvoker.java:230)
	at org.testng.internal.invokers.MethodRunner.runInSequence(MethodRunner.java:63)
	at org.testng.internal.invokers.TestInvoker$MethodInvocationAgent.invoke(TestInvoker.java:995)
	at org.testng.internal.invokers.TestInvoker.invokeTestMethods(TestInvoker.java:203)
	at org.testng.internal.invokers.TestMethodWorker.invokeTestMethods(TestMethodWorker.java:154)
	at org.testng.internal.invokers.TestMethodWorker.run(TestMethodWorker.java:134)
	at java.base/java.util.concurrent.Executors$RunnableAdapter.call(Executors.java:572)
	at java.base/java.util.concurrent.FutureTask.run(FutureTask.java:317)
	at org.testng.internal.thread.graph.TestNGFutureTask.run(TestNGFutureTask.java:22)
	at java.base/java.util.concurrent.ThreadPoolExecutor.runWorker(ThreadPoolExecutor.java:1144)
	at java.base/java.util.concurrent.ThreadPoolExecutor$Worker.run(ThreadPoolExecutor.java:642)
	at java.base/java.lang.Thread.run(Thread.java:1583)
</pre></div></td>
<td>16</td>
<td>module01.ClassOneTest@5c671d7f</td></tr>
<tr>
<td title='module01.ClassZeroTest.afterMethod()'><b>afterMethod</b><br>Test class: module01.ClassZeroTest</td>
<td><div><pre>org.openqa.selenium.NoSuchElementException: Unable to locate element: Sign Out
For documentation on this error, please visit: https://www.selenium.dev/documentation/webdriver/troubleshooting/errors#no-such-element-exception
Build info: version: &apos;4.35.0&apos;, revision: &apos;1c58e5028b&apos;
System info: os.name: &apos;Windows 11&apos;, os.arch: &apos;amd64&apos;, os.version: &apos;10.0&apos;, java.version: &apos;21.0.6&apos;
Driver info: org.openqa.selenium.firefox.FirefoxDriver
Command: [7e482820-0b88-444a-9c3e-567a622fc2af, findElement {using=link text, value=Sign Out}]
Capabilities {acceptInsecureCerts: true, browserName: firefox, browserVersion: 143.0.1, moz:accessibilityChecks: false, moz:buildID: 20250918214338, moz:geckodriverVersion: 0.36.0, moz:headless: false, moz:platformVersion: 10.0, moz:processID: 22292, moz:profile: C:\Users\KAIFKH~1\AppData\L..., moz:shutdownTimeout: 60000, moz:webdriverClick: true, moz:windowless: false, pageLoadStrategy: normal, platformName: windows, proxy: Proxy(), setWindowRect: true, strictFileInteractability: false, timeouts: {implicit: 0, pageLoad: 300000, script: 30000}, unhandledPromptBehavior: dismiss and notify, userAgent: Mozilla/5.0 (Windows NT 10....}
Session ID: 7e482820-0b88-444a-9c3e-567a622fc2af
	at org.openqa.selenium.remote.ErrorCodec.decode(ErrorCodec.java:167)
	at org.openqa.selenium.remote.codec.w3c.W3CHttpResponseCodec.decode(W3CHttpResponseCodec.java:138)
	at org.openqa.selenium.remote.codec.w3c.W3CHttpResponseCodec.decode(W3CHttpResponseCodec.java:50)
	at org.openqa.selenium.remote.HttpCommandExecutor.execute(HttpCommandExecutor.java:215)
	at org.openqa.selenium.remote.service.DriverCommandExecutor.invokeExecute(DriverCommandExecutor.java:216)
	at org.openqa.selenium.remote.service.DriverCommandExecutor.execute(DriverCommandExecutor.java:174)
	at org.openqa.selenium.remote.RemoteWebDriver.execute(RemoteWebDriver.java:557)
	at org.openqa.selenium.remote.ElementLocation$ElementFinder$2.findElement(ElementLocation.java:165)
	at org.openqa.selenium.remote.ElementLocation.findElement(ElementLocation.java:59)
	at org.openqa.selenium.remote.RemoteWebDriver.findElement(RemoteWebDriver.java:380)
	at org.openqa.selenium.remote.RemoteWebDriver.findElement(RemoteWebDriver.java:374)
	at org.openqa.selenium.support.pagefactory.DefaultElementLocator.findElement(DefaultElementLocator.java:68)
	at org.openqa.selenium.support.pagefactory.internal.LocatingElementHandler.invoke(LocatingElementHandler.java:38)
	at jdk.proxy2/jdk.proxy2.$Proxy18.click(Unknown Source)
	at com.ProjectName.busuness.repository.HomePage.logoutFromApp(HomePage.java:46)
	at com.ProjectName.generic.BaseClassUtil.BaseClass.afterMethod(BaseClass.java:113)
	at java.base/java.util.concurrent.Executors$RunnableAdapter.call(Executors.java:572)
	at java.base/java.util.concurrent.FutureTask.run(FutureTask.java:317)
	at java.base/java.util.concurrent.ThreadPoolExecutor.runWorker(ThreadPoolExecutor.java:1144)
	at java.base/java.util.concurrent.ThreadPoolExecutor$Worker.run(ThreadPoolExecutor.java:642)
	at java.base/java.lang.Thread.run(Thread.java:1583)
... Removed 19 stack frames</pre></div><a href='#' onClick='toggleBox("stack-trace1403683878", this, "Click to show all stack frames", "Click to hide stack frames")'>Click to show all stack frames</a>
<div class='stack-trace' id='stack-trace1403683878'><pre>org.openqa.selenium.NoSuchElementException: Unable to locate element: Sign Out
For documentation on this error, please visit: https://www.selenium.dev/documentation/webdriver/troubleshooting/errors#no-such-element-exception
Build info: version: &apos;4.35.0&apos;, revision: &apos;1c58e5028b&apos;
System info: os.name: &apos;Windows 11&apos;, os.arch: &apos;amd64&apos;, os.version: &apos;10.0&apos;, java.version: &apos;21.0.6&apos;
Driver info: org.openqa.selenium.firefox.FirefoxDriver
Command: [7e482820-0b88-444a-9c3e-567a622fc2af, findElement {using=link text, value=Sign Out}]
Capabilities {acceptInsecureCerts: true, browserName: firefox, browserVersion: 143.0.1, moz:accessibilityChecks: false, moz:buildID: 20250918214338, moz:geckodriverVersion: 0.36.0, moz:headless: false, moz:platformVersion: 10.0, moz:processID: 22292, moz:profile: C:\Users\KAIFKH~1\AppData\L..., moz:shutdownTimeout: 60000, moz:webdriverClick: true, moz:windowless: false, pageLoadStrategy: normal, platformName: windows, proxy: Proxy(), setWindowRect: true, strictFileInteractability: false, timeouts: {implicit: 0, pageLoad: 300000, script: 30000}, unhandledPromptBehavior: dismiss and notify, userAgent: Mozilla/5.0 (Windows NT 10....}
Session ID: 7e482820-0b88-444a-9c3e-567a622fc2af
	at java.base/jdk.internal.reflect.DirectConstructorHandleAccessor.newInstance(DirectConstructorHandleAccessor.java:62)
	at java.base/java.lang.reflect.Constructor.newInstanceWithCaller(Constructor.java:502)
	at java.base/java.lang.reflect.Constructor.newInstance(Constructor.java:486)
	at org.openqa.selenium.remote.ErrorCodec.decode(ErrorCodec.java:167)
	at org.openqa.selenium.remote.codec.w3c.W3CHttpResponseCodec.decode(W3CHttpResponseCodec.java:138)
	at org.openqa.selenium.remote.codec.w3c.W3CHttpResponseCodec.decode(W3CHttpResponseCodec.java:50)
	at org.openqa.selenium.remote.HttpCommandExecutor.execute(HttpCommandExecutor.java:215)
	at org.openqa.selenium.remote.service.DriverCommandExecutor.invokeExecute(DriverCommandExecutor.java:216)
	at org.openqa.selenium.remote.service.DriverCommandExecutor.execute(DriverCommandExecutor.java:174)
	at org.openqa.selenium.remote.RemoteWebDriver.execute(RemoteWebDriver.java:557)
	at org.openqa.selenium.remote.ElementLocation$ElementFinder$2.findElement(ElementLocation.java:165)
	at org.openqa.selenium.remote.ElementLocation.findElement(ElementLocation.java:59)
	at org.openqa.selenium.remote.RemoteWebDriver.findElement(RemoteWebDriver.java:380)
	at org.openqa.selenium.remote.RemoteWebDriver.findElement(RemoteWebDriver.java:374)
	at org.openqa.selenium.support.pagefactory.DefaultElementLocator.findElement(DefaultElementLocator.java:68)
	at org.openqa.selenium.support.pagefactory.internal.LocatingElementHandler.invoke(LocatingElementHandler.java:38)
	at jdk.proxy2/jdk.proxy2.$Proxy18.click(Unknown Source)
	at com.ProjectName.busuness.repository.HomePage.logoutFromApp(HomePage.java:46)
	at com.ProjectName.generic.BaseClassUtil.BaseClass.afterMethod(BaseClass.java:113)
	at java.base/jdk.internal.reflect.DirectMethodHandleAccessor.invoke(DirectMethodHandleAccessor.java:103)
	at java.base/java.lang.reflect.Method.invoke(Method.java:580)
	at org.testng.internal.invokers.MethodInvocationHelper.invokeMethod(MethodInvocationHelper.java:141)
	at org.testng.internal.invokers.MethodInvocationHelper.invokeMethodConsideringTimeout(MethodInvocationHelper.java:71)
	at org.testng.internal.invokers.ConfigInvoker.invokeConfigurationMethod(ConfigInvoker.java:400)
	at org.testng.internal.invokers.ConfigInvoker.invokeConfigurations(ConfigInvoker.java:333)
	at org.testng.internal.invokers.TestInvoker.runConfigMethods(TestInvoker.java:836)
	at org.testng.internal.invokers.TestInvoker.runAfterConfigurations(TestInvoker.java:805)
	at org.testng.internal.invokers.TestInvoker.invokeMethod(TestInvoker.java:781)
	at org.testng.internal.invokers.TestInvoker.invokeTestMethod(TestInvoker.java:230)
	at org.testng.internal.invokers.MethodRunner.runInSequence(MethodRunner.java:63)
	at org.testng.internal.invokers.TestInvoker$MethodInvocationAgent.invoke(TestInvoker.java:995)
	at org.testng.internal.invokers.TestInvoker.invokeTestMethods(TestInvoker.java:203)
	at org.testng.internal.invokers.TestMethodWorker.invokeTestMethods(TestMethodWorker.java:154)
	at org.testng.internal.invokers.TestMethodWorker.run(TestMethodWorker.java:134)
	at java.base/java.util.concurrent.Executors$RunnableAdapter.call(Executors.java:572)
	at java.base/java.util.concurrent.FutureTask.run(FutureTask.java:317)
	at org.testng.internal.thread.graph.TestNGFutureTask.run(TestNGFutureTask.java:22)
	at java.base/java.util.concurrent.ThreadPoolExecutor.runWorker(ThreadPoolExecutor.java:1144)
	at java.base/java.util.concurrent.ThreadPoolExecutor$Worker.run(ThreadPoolExecutor.java:642)
	at java.base/java.lang.Thread.run(Thread.java:1583)
</pre></div></td>
<td>20</td>
<td>module01.ClassZeroTest@561b6512</td></tr>
</table><p>
<table width='100%' border='1' class='invocation-passed'>
<tr><td colspan='4' align='center'><b>PASSED TESTS</b></td></tr>
<tr><td><b>Test method</b></td>
<td><b>Attribute(s)</b></td>
<td width="30%"><b>Exception</b></td>
<td width="10%"><b>Time (seconds)</b></td>
<td><b>Instance</b></td>
</tr>
<tr>
<td title='module02.ClassOneTest.ScecondScenarioTest()'><b>ScecondScenarioTest</b><br>Test class: module02.ClassOneTest</td>
<td></td>
<td>0</td>
<td>module02.ClassOneTest@192c3f1e</td></tr>
<tr>
<td title='module03.ClassTwoTest.ScecondScenarioTest()'><b>ScecondScenarioTest</b><br>Test class: module03.ClassTwoTest</td>
<td></td>
<td>0</td>
<td>module03.ClassTwoTest@49e5f737</td></tr>
<tr>
<td title='module01.ClassZeroTest.firstScenarioTest()'><b>firstScenarioTest</b><br>Test class: module01.ClassZeroTest</td>
<td></td>
<td>0</td>
<td>module01.ClassZeroTest@561b6512</td></tr>
<tr>
<td title='module03.ClassOneTest.thirdScenarioTest()'><b>thirdScenarioTest</b><br>Test class: module03.ClassOneTest</td>
<td></td>
<td>0</td>
<td>module03.ClassOneTest@7494f96a</td></tr>
<tr>
<td title='module02.ClassTwoTest.firstScenarioTest()'><b>firstScenarioTest</b><br>Test class: module02.ClassTwoTest</td>
<td></td>
<td>0</td>
<td>module02.ClassTwoTest@2e377400</td></tr>
<tr>
<td title='module01.ClassTwoTest.ScecondScenarioTest()'><b>ScecondScenarioTest</b><br>Test class: module01.ClassTwoTest</td>
<td></td>
<td>0</td>
<td>module01.ClassTwoTest@1757cd72</td></tr>
<tr>
<td title='module02.ClassZeroTest.thirdScenarioTest()'><b>thirdScenarioTest</b><br>Test class: module02.ClassZeroTest</td>
<td></td>
<td>0</td>
<td>module02.ClassZeroTest@26b3fd41</td></tr>
<tr>
<td title='module01.ClassTwoTest.thirdScenarioTest()'><b>thirdScenarioTest</b><br>Test class: module01.ClassTwoTest</td>
<td></td>
<td>0</td>
<td>module01.ClassTwoTest@1757cd72</td></tr>
<tr>
<td title='module03.ClassZeroTest.firstScenarioTest()'><b>firstScenarioTest</b><br>Test class: module03.ClassZeroTest</td>
<td></td>
<td>0</td>
<td>module03.ClassZeroTest@445b295b</td></tr>
<tr>
<td title='module03.ClassOneTest.firstScenarioTest()'><b>firstScenarioTest</b><br>Test class: module03.ClassOneTest</td>
<td></td>
<td>0</td>
<td>module03.ClassOneTest@7494f96a</td></tr>
<tr>
<td title='module01.ClassOneTest.ScecondScenarioTest()'><b>ScecondScenarioTest</b><br>Test class: module01.ClassOneTest</td>
<td></td>
<td>0</td>
<td>module01.ClassOneTest@5c671d7f</td></tr>
<tr>
<td title='module02.ClassOneTest.thirdScenarioTest()'><b>thirdScenarioTest</b><br>Test class: module02.ClassOneTest</td>
<td></td>
<td>0</td>
<td>module02.ClassOneTest@192c3f1e</td></tr>
<tr>
<td title='module02.ClassTwoTest.thirdScenarioTest()'><b>thirdScenarioTest</b><br>Test class: module02.ClassTwoTest</td>
<td></td>
<td>0</td>
<td>module02.ClassTwoTest@2e377400</td></tr>
<tr>
<td title='module01.ClassTwoTest.firstScenarioTest()'><b>firstScenarioTest</b><br>Test class: module01.ClassTwoTest</td>
<td></td>
<td>0</td>
<td>module01.ClassTwoTest@1757cd72</td></tr>
<tr>
<td title='module02.ClassOneTest.firstScenarioTest()'><b>firstScenarioTest</b><br>Test class: module02.ClassOneTest</td>
<td></td>
<td>0</td>
<td>module02.ClassOneTest@192c3f1e</td></tr>
<tr>
<td title='module03.ClassZeroTest.ScecondScenarioTest()'><b>ScecondScenarioTest</b><br>Test class: module03.ClassZeroTest</td>
<td></td>
<td>0</td>
<td>module03.ClassZeroTest@445b295b</td></tr>
<tr>
<td title='module01.ClassZeroTest.thirdScenarioTest()'><b>thirdScenarioTest</b><br>Test class: module01.ClassZeroTest</td>
<td></td>
<td>0</td>
<td>module01.ClassZeroTest@561b6512</td></tr>
<tr>
<td title='module02.ClassZeroTest.firstScenarioTest()'><b>firstScenarioTest</b><br>Test class: module02.ClassZeroTest</td>
<td></td>
<td>0</td>
<td>module02.ClassZeroTest@26b3fd41</td></tr>
<tr>
<td title='module03.ClassZeroTest.fourthScenarioTest()'><b>fourthScenarioTest</b><br>Test class: module03.ClassZeroTest</td>
<td></td>
<td>0</td>
<td>module03.ClassZeroTest@445b295b</td></tr>
<tr>
<td title='module03.ClassTwoTest.firstScenarioTest()'><b>firstScenarioTest</b><br>Test class: module03.ClassTwoTest</td>
<td></td>
<td>0</td>
<td>module03.ClassTwoTest@49e5f737</td></tr>
<tr>
<td title='module02.ClassZeroTest.ScecondScenarioTest()'><b>ScecondScenarioTest</b><br>Test class: module02.ClassZeroTest</td>
<td></td>
<td>0</td>
<td>module02.ClassZeroTest@26b3fd41</td></tr>
<tr>
<td title='module01.ClassOneTest.firstScenarioTest()'><b>firstScenarioTest</b><br>Test class: module01.ClassOneTest</td>
<td></td>
<td>0</td>
<td>module01.ClassOneTest@5c671d7f</td></tr>
<tr>
<td title='module03.ClassTwoTest.thirdScenarioTest()'><b>thirdScenarioTest</b><br>Test class: module03.ClassTwoTest</td>
<td></td>
<td>0</td>
<td>module03.ClassTwoTest@49e5f737</td></tr>
<tr>
<td title='module03.ClassZeroTest.thirdScenarioTest()'><b>thirdScenarioTest</b><br>Test class: module03.ClassZeroTest</td>
<td></td>
<td>0</td>
<td>module03.ClassZeroTest@445b295b</td></tr>
<tr>
<td title='module03.ClassOneTest.ScecondScenarioTest()'><b>ScecondScenarioTest</b><br>Test class: module03.ClassOneTest</td>
<td></td>
<td>0</td>
<td>module03.ClassOneTest@7494f96a</td></tr>
<tr>
<td title='module01.ClassZeroTest.ScecondScenarioTest()'><b>ScecondScenarioTest</b><br>Test class: module01.ClassZeroTest</td>
<td></td>
<td>0</td>
<td>module01.ClassZeroTest@561b6512</td></tr>
<tr>
<td title='module01.ClassOneTest.thirdScenarioTest()'><b>thirdScenarioTest</b><br>Test class: module01.ClassOneTest</td>
<td></td>
<td>0</td>
<td>module01.ClassOneTest@5c671d7f</td></tr>
<tr>
<td title='module02.ClassTwoTest.ScecondScenarioTest()'><b>ScecondScenarioTest</b><br>Test class: module02.ClassTwoTest</td>
<td></td>
<td>0</td>
<td>module02.ClassTwoTest@2e377400</td></tr>
</table><p>
</body>
</html>